<?xml version="1.0" encoding="UTF-8"?>
<!-- Generated by org.testng.reporters.JUnitXMLReporter -->
<testsuite ignored="0" hostname="BISWAJIT2000" failures="0" tests="9" name="Test" time="22.5" errors="0" timestamp="2024-08-03T16:50:14 IST">
  <testcase classname="com.FitPoe.TestCase.FitPeo_Homepage_Test" name="HomePage" time="2.845"/>
  <testcase classname="com.FitPoe.TestCase.FitPeo_Homepage_Test" name="ClickOnRevenuCalculatorTab" time="0.112"/>
  <testcase classname="com.FitPoe.TestCase.FitPeo_Homepage_Test" name="Scroll_Down_to_the_Slider_section" time="0.021"/>
  <testcase classname="com.FitPoe.TestCase.FitPeo_Homepage_Test" name="Adjust_the_Slider" time="4.064"/>
  <testcase classname="com.FitPoe.TestCase.FitPeo_Homepage_Test" name="Update_the_Text_Field" time="1.7"/>
  <testcase classname="com.FitPoe.TestCase.FitPeo_Homepage_Test" name="Validate_Slider_Value" time="1.231"/>
  <testcase classname="com.FitPoe.TestCase.FitPeo_Homepage_Test" name="Select_CPT_Codes" time="6.084"/>
  <testcase classname="com.FitPoe.TestCase.FitPeo_Homepage_Test" name="Validate_Total_Recurring_Reimbursement" time="0.0"/>
  <testcase classname="com.FitPoe.TestCase.FitPeo_Homepage_Test" name="Total_Recurring_Reimbursement_for_all_Patients_Per_Month" time="3.778"/>
</testsuite> <!-- Test -->
